Base path: C:/Program Files/Unity/Editor/Data
Pipe name: \\.\pipe\UnityShaderCompiler-64bit-1-7756
Cmd: getPlatforms
Cmd: preprocess
  insize=4159 outsize=1016 ok=1
Cmd: preprocess
  insize=12815 outsize=2575 ok=1
Cmd: preprocess
  insize=11975 outsize=2457 ok=1
Cmd: preprocess
  insize=1802 outsize=527 ok=1
Cmd: preprocess
  insize=1185 outsize=407 ok=1
Cmd: compileSnippet
  api=4 type=0 insize=713 outsize=908 kw= pd= ok=1
Cmd: compileSnippet
  api=4 type=1 insize=713 outsize=518 kw= pd= ok=1
Cmd: compileSnippet
  api=4 type=0 insize=667 outsize=908 kw= pd= ok=1
Cmd: compileSnippet
  api=4 type=1 insize=667 outsize=469 kw= pd= ok=1
Cmd: preprocess
  insize=1601 outsize=192 ok=1
Cmd: compileSnippet
  api=4 type=0 insize=1709 outsize=2265 kw= pd= ok=1
Cmd: compileSnippet
  api=4 type=1 insize=1709 outsize=908 kw= pd= ok=1
Cmd: preprocess
  insize=1159 outsize=381 ok=1
Cmd: compileSnippet
  api=4 type=0 insize=713 outsize=908 kw= pd= ok=1
Cmd: compileSnippet
  api=4 type=1 insize=713 outsize=518 kw= pd= ok=1
Cmd: compileSnippet
  api=4 type=0 insize=667 outsize=908 kw= pd= ok=1
Cmd: compileSnippet
  api=4 type=1 insize=667 outsize=469 kw= pd= ok=1
Cmd: preprocess
  insize=137 outsize=137 ok=1
Cmd: preprocess
  insize=1048 outsize=208 ok=1
Cmd: compileSnippet
  api=4 type=0 insize=1140 outsize=1184 kw= pd= ok=1
Cmd: compileSnippet
  api=4 type=1 insize=1140 outsize=1054 kw= pd= ok=1
Cmd: preprocess
  insize=766 outsize=215 ok=1
Cmd: compileSnippet
  api=4 type=0 insize=851 outsize=1071 kw= pd= ok=1
Cmd: compileSnippet
  api=4 type=1 insize=851 outsize=827 kw= pd= ok=1
Cmd: preprocess
  insize=787 outsize=189 ok=1
Cmd: compileSnippet
  api=4 type=0 insize=897 outsize=1209 kw= pd= ok=1
Cmd: compileSnippet
  api=4 type=1 insize=897 outsize=827 kw= pd= ok=1
Cmd: compileSnippet
  api=4 type=0 insize=982 outsize=4418 kw=DIRECTIONAL SHADOWS_OFF LIGHTMAP_OFF DIRLIGHTMAP_COMBINED DYNAMICLIGHTMAP_ON pd= ok=1
Cmd: compileSnippet
  api=4 type=1 insize=982 outsize=11081 kw=DIRECTIONAL SHADOWS_OFF LIGHTMAP_OFF DIRLIGHTMAP_COMBINED DYNAMICLIGHTMAP_ON pd= ok=1
